0 info it worked if it ends with ok
1 verbose cli [ 'C:\\Program Files\\nodejs\\node.exe',
1 verbose cli   'C:\\Program Files\\nodejs\\node_modules\\npm\\bin\\npm-cli.js',
1 verbose cli   'run',
1 verbose cli   'create' ]
2 info using npm@3.10.10
3 info using node@v6.11.3
4 verbose run-script [ 'precreate', 'create', 'postcreate' ]
5 info lifecycle weather-app@1.0.0~precreate: weather-app@1.0.0
6 silly lifecycle weather-app@1.0.0~precreate: no script for precreate, continuing
7 info lifecycle weather-app@1.0.0~create: weather-app@1.0.0
8 verbose lifecycle weather-app@1.0.0~create: unsafe-perm in lifecycle true
9 verbose lifecycle weather-app@1.0.0~create: PATH: C:\Program Files\nodejs\node_modules\npm\bin\node-gyp-bin;C:\Project\Weather-App\node_modules\.bin;C:\ProgramData\Oracle\Java\javapath;C:\Windows\system32;C:\Windows;C:\Windows\System32\Wbem;C:\Windows\System32\WindowsPowerShell\v1.0\;C:\Program Files (x86)\NVIDIA Corporation\PhysX\Common;C:\Program Files\Intel\WiFi\bin\;C:\Program Files\Common Files\Intel\WirelessCommon\;C:\WINDOWS\system32;C:\WINDOWS;C:\WINDOWS\System32\Wbem;C:\WINDOWS\System32\WindowsPowerShell\v1.0\;C:\Program Files\nodejs\;C:\Program Files\Git\cmd;C:\DevOps\apache-ant-1.10.1\bin;C:\Program Files\Java\jre1.8.0_131\bin;C:\Program Files (x86)\Yarn\bin\;C:\Ruby24-x64\bin;C:\Users\Sampath\AppData\Local\Microsoft\WindowsApps;C:\Program Files\Intel\WiFi\bin\;C:\Program Files\Common Files\Intel\WirelessCommon\;C:\Program Files\Java\jdk1.8.0_101\bin\;C:\Users\Sampath\AppData\Local\atom\bin;C:\Program Files (x86)\MSquared\M2 RSM;C:\Users\Sampath\AppData\Roaming\npm;C:\Program Files (x86)\Microsoft VS Code\bin;C:\Users\Sampath\AppData\Local\Yarn\bin
10 verbose lifecycle weather-app@1.0.0~create: CWD: C:\Project\Weather-App
11 silly lifecycle weather-app@1.0.0~create: Args: [ '/d /s /c', 'webpack' ]
12 silly lifecycle weather-app@1.0.0~create: Returned: code: 1  signal: null
13 info lifecycle weather-app@1.0.0~create: Failed to exec create script
14 verbose stack Error: weather-app@1.0.0 create: `webpack`
14 verbose stack Exit status 1
14 verbose stack     at EventEmitter.<anonymous> (C:\Program Files\nodejs\node_modules\npm\lib\utils\lifecycle.js:255:16)
14 verbose stack     at emitTwo (events.js:106:13)
14 verbose stack     at EventEmitter.emit (events.js:191:7)
14 verbose stack     at ChildProcess.<anonymous> (C:\Program Files\nodejs\node_modules\npm\lib\utils\spawn.js:40:14)
14 verbose stack     at emitTwo (events.js:106:13)
14 verbose stack     at ChildProcess.emit (events.js:191:7)
14 verbose stack     at maybeClose (internal/child_process.js:920:16)
14 verbose stack     at Process.ChildProcess._handle.onexit (internal/child_process.js:230:5)
15 verbose pkgid weather-app@1.0.0
16 verbose cwd C:\Project\Weather-App
17 error Windows_NT 10.0.16299
18 error argv "C:\\Program Files\\nodejs\\node.exe" "C:\\Program Files\\nodejs\\node_modules\\npm\\bin\\npm-cli.js" "run" "create"
19 error node v6.11.3
20 error npm  v3.10.10
21 error code ELIFECYCLE
22 error weather-app@1.0.0 create: `webpack`
22 error Exit status 1
23 error Failed at the weather-app@1.0.0 create script 'webpack'.
23 error Make sure you have the latest version of node.js and npm installed.
23 error If you do, this is most likely a problem with the weather-app package,
23 error not with npm itself.
23 error Tell the author that this fails on your system:
23 error     webpack
23 error You can get information on how to open an issue for this project with:
23 error     npm bugs weather-app
23 error Or if that isn't available, you can get their info via:
23 error     npm owner ls weather-app
23 error There is likely additional logging output above.
24 verbose exit [ 1, true ]
